2014-08-30 20:47:26.724  INFO 1320 [main] --- pl.zgora.jug.sprangu.Application         : Starting Application on Mirek-Komputer with PID 1320 (D:\JUG\workspace\sprangu\target\classes started by Mirek in D:\JUG\workspace\sprangu)
2014-08-30 20:47:27.043  INFO 1320 [main] --- ationConfigEmbeddedWebApplicationContext : Refreshing org.springframework.boot.context.embedded.AnnotationConfigEmbeddedWebApplicationContext@51ff8e: startup date [Sat Aug 30 20:47:27 CEST 2014]; root of context hierarchy
2014-08-30 20:47:27.604  INFO 1320 [main] --- o.s.b.f.s.DefaultListableBeanFactory     : Overriding bean definition for bean 'beanNameViewResolver': replacing [Root bean: class [null]; scope=; abstract=false; lazyInit=false; autowireMode=3; dependencyCheck=0; autowireCandidate=true; primary=false; factoryBeanName=org.springframework.boot.autoconfigure.web.ErrorMvcAutoConfiguration$WhitelabelErrorViewConfiguration; factoryMethodName=beanNameViewResolver; initMethodName=null; destroyMethodName=(inferred); defined in class path resource [org/springframework/boot/autoconfigure/web/ErrorMvcAutoConfiguration$WhitelabelErrorViewConfiguration.class]] with [Root bean: class [null]; scope=; abstract=false; lazyInit=false; autowireMode=3; dependencyCheck=0; autowireCandidate=true; primary=false; factoryBeanName=org.springframework.boot.autoconfigure.web.WebMvcAutoConfiguration$WebMvcAutoConfigurationAdapter; factoryMethodName=beanNameViewResolver; initMethodName=null; destroyMethodName=(inferred); defined in class path resource [org/springframework/boot/autoconfigure/web/WebMvcAutoConfiguration$WebMvcAutoConfigurationAdapter.class]]
2014-08-30 20:47:28.445  INFO 1320 [main] --- f.a.AutowiredAnnotationBeanPostProcessor : JSR-330 'javax.inject.Inject' annotation found and supported for autowiring
2014-08-30 20:47:28.769  INFO 1320 [main] --- trationDelegate$BeanPostProcessorChecker : Bean 'org.springframework.transaction.annotation.ProxyTransactionManagementConfiguration' of type [class org.springframework.transaction.annotation.ProxyTransactionManagementConfiguration$$EnhancerBySpringCGLIB$$3f3f9817] is not eligible for getting processed by all BeanPostProcessors (for example: not eligible for auto-proxying)
2014-08-30 20:47:28.804  INFO 1320 [main] --- trationDelegate$BeanPostProcessorChecker : Bean 'transactionAttributeSource' of type [class org.springframework.transaction.annotation.AnnotationTransactionAttributeSource] is not eligible for getting processed by all BeanPostProcessors (for example: not eligible for auto-proxying)
2014-08-30 20:47:28.816  INFO 1320 [main] --- trationDelegate$BeanPostProcessorChecker : Bean 'transactionInterceptor' of type [class org.springframework.transaction.interceptor.TransactionInterceptor] is not eligible for getting processed by all BeanPostProcessors (for example: not eligible for auto-proxying)
2014-08-30 20:47:28.823  INFO 1320 [main] --- trationDelegate$BeanPostProcessorChecker : Bean 'org.springframework.transaction.config.internalTransactionAdvisor' of type [class org.springframework.transaction.interceptor.BeanFactoryTransactionAttributeSourceAdvisor] is not eligible for getting processed by all BeanPostProcessors (for example: not eligible for auto-proxying)
2014-08-30 20:47:29.374  INFO 1320 [main] --- .t.TomcatEmbeddedServletContainerFactory : Server initialized with port: 8080
2014-08-30 20:47:29.515  INFO 1320 [main] --- o.apache.catalina.core.StandardService   : Starting service Tomcat
2014-08-30 20:47:29.517  INFO 1320 [main] --- org.apache.catalina.core.StandardEngine  : Starting Servlet Engine: Apache Tomcat/7.0.54
2014-08-30 20:47:29.711  INFO 1320 [localhost-startStop-1] --- o.a.c.c.C.[Tomcat].[localhost].[/]       : Initializing Spring embedded WebApplicationContext
2014-08-30 20:47:29.711  INFO 1320 [localhost-startStop-1] --- o.s.web.context.ContextLoader            : Root WebApplicationContext: initialization completed in 2668 ms
2014-08-30 20:47:30.497  INFO 1320 [localhost-startStop-1] --- o.s.b.c.e.ServletRegistrationBean        : Mapping servlet: 'dispatcherServlet' to [/]
2014-08-30 20:47:30.499  INFO 1320 [localhost-startStop-1] --- o.s.b.c.embedded.FilterRegistrationBean  : Mapping filter: 'metricFilter' to: [/*]
2014-08-30 20:47:30.499  INFO 1320 [localhost-startStop-1] --- o.s.b.c.embedded.FilterRegistrationBean  : Mapping filter: 'hiddenHttpMethodFilter' to: [/*]
2014-08-30 20:47:30.499  INFO 1320 [localhost-startStop-1] --- o.s.b.c.embedded.FilterRegistrationBean  : Mapping filter: 'applicationContextIdFilter' to: [/*]
2014-08-30 20:47:30.500  INFO 1320 [localhost-startStop-1] --- o.s.b.c.embedded.FilterRegistrationBean  : Mapping filter: 'webRequestLoggingFilter' to: [/*]
2014-08-30 20:47:31.159  INFO 1320 [main] --- j.LocalContainerEntityManagerFactoryBean : Building JPA container EntityManagerFactory for persistence unit 'default'
2014-08-30 20:47:31.172  INFO 1320 [main] --- o.hibernate.jpa.internal.util.LogHelper  : HHH000204: Processing PersistenceUnitInfo [
	name: default
	...]
2014-08-30 20:47:31.244  INFO 1320 [main] --- org.hibernate.Version                    : HHH000412: Hibernate Core {4.3.5.Final}
2014-08-30 20:47:31.246  INFO 1320 [main] --- org.hibernate.cfg.Environment            : HHH000206: hibernate.properties not found
2014-08-30 20:47:31.248  INFO 1320 [main] --- org.hibernate.cfg.Environment            : HHH000021: Bytecode provider name : javassist
2014-08-30 20:47:31.568  INFO 1320 [main] --- o.hibernate.annotations.common.Version   : HCANN000001: Hibernate Commons Annotations {4.0.4.Final}
2014-08-30 20:47:31.646  INFO 1320 [main] --- org.hibernate.dialect.Dialect            : HHH000400: Using dialect: org.hibernate.dialect.H2Dialect
2014-08-30 20:47:31.770  INFO 1320 [main] --- o.h.h.i.ast.ASTQueryTranslatorFactory    : HHH000397: Using ASTQueryTranslatorFactory
2014-08-30 20:47:32.090  INFO 1320 [main] --- org.hibernate.tool.hbm2ddl.SchemaExport  : HHH000227: Running hbm2ddl schema export
2014-08-30 20:47:32.098  INFO 1320 [main] --- org.hibernate.tool.hbm2ddl.SchemaExport  : HHH000230: Schema export complete
2014-08-30 20:47:32.813  INFO 1320 [main] --- o.s.w.s.handler.SimpleUrlHandlerMapping  : Mapped URL path [/**/favicon.ico] onto handler of type [class org.springframework.web.servlet.resource.ResourceHttpRequestHandler]
2014-08-30 20:47:32.929  INFO 1320 [main] --- s.w.s.m.m.a.RequestMappingHandlerMapping : Mapped "{[/cars/{id}],methods=[GET],params=[],headers=[],consumes=[],produces=[],custom=[]}" onto public pl.zgora.jug.sprangu.Car pl.zgora.jug.sprangu.CarResource.find(java.lang.Long)
2014-08-30 20:47:32.929  INFO 1320 [main] --- s.w.s.m.m.a.RequestMappingHandlerMapping : Mapped "{[/cars],methods=[POST],params=[],headers=[],consumes=[],produces=[],custom=[]}" onto public java.lang.Long pl.zgora.jug.sprangu.CarResource.save(pl.zgora.jug.sprangu.Car)
2014-08-30 20:47:32.929  INFO 1320 [main] --- s.w.s.m.m.a.RequestMappingHandlerMapping : Mapped "{[/cars/{id}],methods=[DELETE],params=[],headers=[],consumes=[],produces=[],custom=[]}" onto public void pl.zgora.jug.sprangu.CarResource.delete(java.lang.Long)
2014-08-30 20:47:32.929  INFO 1320 [main] --- s.w.s.m.m.a.RequestMappingHandlerMapping : Mapped "{[/cars],methods=[GET],params=[],headers=[],consumes=[],produces=[],custom=[]}" onto public java.util.List<pl.zgora.jug.sprangu.Car> pl.zgora.jug.sprangu.CarResource.all(java.lang.String)
2014-08-30 20:47:32.933  INFO 1320 [main] --- s.w.s.m.m.a.RequestMappingHandlerMapping : Mapped "{[/error],methods=[],params=[],headers=[],consumes=[],produces=[],custom=[]}" onto public org.springframework.http.ResponseEntity<java.util.Map<java.lang.String, java.lang.Object>> org.springframework.boot.autoconfigure.web.BasicErrorController.error(javax.servlet.http.HttpServletRequest)
2014-08-30 20:47:32.933  INFO 1320 [main] --- s.w.s.m.m.a.RequestMappingHandlerMapping : Mapped "{[/error],methods=[],params=[],headers=[],consumes=[],produces=[text/html],custom=[]}" onto public org.springframework.web.servlet.ModelAndView org.springframework.boot.autoconfigure.web.BasicErrorController.errorHtml(javax.servlet.http.HttpServletRequest)
2014-08-30 20:47:32.946  INFO 1320 [main] --- o.s.w.s.c.a.WebMvcConfigurerAdapter      : Adding welcome page: file:/D:/JUG/workspace/sprangu/target/classes/public/index.html
2014-08-30 20:47:32.950  INFO 1320 [main] --- o.s.w.s.handler.SimpleUrlHandlerMapping  : Root mapping to handler of type [class org.springframework.web.servlet.mvc.ParameterizableViewController]
2014-08-30 20:47:32.965  INFO 1320 [main] --- o.s.w.s.handler.SimpleUrlHandlerMapping  : Mapped URL path [/**] onto handler of type [class org.springframework.web.servlet.resource.ResourceHttpRequestHandler]
2014-08-30 20:47:32.966  INFO 1320 [main] --- o.s.w.s.handler.SimpleUrlHandlerMapping  : Mapped URL path [/webjars/**] onto handler of type [class org.springframework.web.servlet.resource.ResourceHttpRequestHandler]
2014-08-30 20:47:33.186  INFO 1320 [main] --- roperties$SimpleAuthenticationProperties : 

Using default password for shell access: 768b65f4-ed73-4053-9751-01c68825e353


2014-08-30 20:47:33.706  INFO 1320 [main] --- .CrshAutoConfiguration$CrshBootstrapBean : Configuring property ssh.port=2000 from properties
2014-08-30 20:47:33.707  INFO 1320 [main] --- .CrshAutoConfiguration$CrshBootstrapBean : Configuring property ssh.auth_timeout=600000 from properties
2014-08-30 20:47:33.707  INFO 1320 [main] --- .CrshAutoConfiguration$CrshBootstrapBean : Configuring property ssh.idle_timeout=600000 from properties
2014-08-30 20:47:33.707  INFO 1320 [main] --- .CrshAutoConfiguration$CrshBootstrapBean : Configuring property ssh.default_encoding=UTF-8 from properties
2014-08-30 20:47:33.707  INFO 1320 [main] --- .CrshAutoConfiguration$CrshBootstrapBean : Configuring property auth=simple from properties
2014-08-30 20:47:33.708  INFO 1320 [main] --- .CrshAutoConfiguration$CrshBootstrapBean : Configuring property auth.simple.username=user from properties
2014-08-30 20:47:33.708  INFO 1320 [main] --- .CrshAutoConfiguration$CrshBootstrapBean : Configuring property auth.simple.password=768b65f4-ed73-4053-9751-01c68825e353 from properties
2014-08-30 20:47:33.725  INFO 1320 [main] --- org.crsh.ssh.SSHPlugin                   : Booting SSHD
2014-08-30 20:47:33.793  INFO 1320 [main] --- o.apache.sshd.common.util.SecurityUtils  : Trying to register BouncyCastle as a JCE provider
2014-08-30 20:47:34.316  INFO 1320 [main] --- o.apache.sshd.common.util.SecurityUtils  : Registration succeeded
2014-08-30 20:47:34.394  INFO 1320 [main] --- org.crsh.ssh.term.SSHLifeCycle           : About to start CRaSSHD
2014-08-30 20:47:34.422  INFO 1320 [main] --- org.crsh.ssh.term.SSHLifeCycle           : CRaSSHD started on port 2000
2014-08-30 20:47:34.809  INFO 1320 [main] --- o.s.j.e.a.AnnotationMBeanExporter        : Registering beans for JMX exposure on startup
2014-08-30 20:47:34.859  INFO 1320 [main] --- o.s.b.a.e.jmx.EndpointMBeanExporter      : Registering beans for JMX exposure on startup
2014-08-30 20:47:34.942  INFO 1320 [main] --- o.s.b.a.e.mvc.EndpointHandlerMapping     : Mapped "{[/health],methods=[],params=[],headers=[],consumes=[],produces=[],custom=[]}" onto public java.lang.Object org.springframework.boot.actuate.endpoint.mvc.HealthMvcEndpoint.invoke()
2014-08-30 20:47:34.942  INFO 1320 [main] --- o.s.b.a.e.mvc.EndpointHandlerMapping     : Mapped "{[/dump],methods=[GET],params=[],headers=[],consumes=[],produces=[],custom=[]}" onto public java.lang.Object org.springframework.boot.actuate.endpoint.mvc.EndpointMvcAdapter.invoke()
2014-08-30 20:47:34.943  INFO 1320 [main] --- o.s.b.a.e.mvc.EndpointHandlerMapping     : Mapped "{[/configprops],methods=[GET],params=[],headers=[],consumes=[],produces=[],custom=[]}" onto public java.lang.Object org.springframework.boot.actuate.endpoint.mvc.EndpointMvcAdapter.invoke()
2014-08-30 20:47:34.944  INFO 1320 [main] --- o.s.b.a.e.mvc.EndpointHandlerMapping     : Mapped "{[/metrics/{name:.*}],methods=[GET],params=[],headers=[],consumes=[],produces=[],custom=[]}" onto public java.lang.Object org.springframework.boot.actuate.endpoint.mvc.MetricsMvcEndpoint.value(java.lang.String)
2014-08-30 20:47:34.944  INFO 1320 [main] --- o.s.b.a.e.mvc.EndpointHandlerMapping     : Mapped "{[/metrics],methods=[GET],params=[],headers=[],consumes=[],produces=[],custom=[]}" onto public java.lang.Object org.springframework.boot.actuate.endpoint.mvc.EndpointMvcAdapter.invoke()
2014-08-30 20:47:34.944  INFO 1320 [main] --- o.s.b.a.e.mvc.EndpointHandlerMapping     : Mapped "{[/info],methods=[GET],params=[],headers=[],consumes=[],produces=[],custom=[]}" onto public java.lang.Object org.springframework.boot.actuate.endpoint.mvc.EndpointMvcAdapter.invoke()
2014-08-30 20:47:34.945  INFO 1320 [main] --- o.s.b.a.e.mvc.EndpointHandlerMapping     : Mapped "{[/trace],methods=[GET],params=[],headers=[],consumes=[],produces=[],custom=[]}" onto public java.lang.Object org.springframework.boot.actuate.endpoint.mvc.EndpointMvcAdapter.invoke()
2014-08-30 20:47:34.946  INFO 1320 [main] --- o.s.b.a.e.mvc.EndpointHandlerMapping     : Mapped "{[/env/{name:.*}],methods=[GET],params=[],headers=[],consumes=[],produces=[],custom=[]}" onto public java.lang.Object org.springframework.boot.actuate.endpoint.mvc.EnvironmentMvcEndpoint.value(java.lang.String)
2014-08-30 20:47:34.946  INFO 1320 [main] --- o.s.b.a.e.mvc.EndpointHandlerMapping     : Mapped "{[/env],methods=[GET],params=[],headers=[],consumes=[],produces=[],custom=[]}" onto public java.lang.Object org.springframework.boot.actuate.endpoint.mvc.EndpointMvcAdapter.invoke()
2014-08-30 20:47:34.946  INFO 1320 [main] --- o.s.b.a.e.mvc.EndpointHandlerMapping     : Mapped "{[/beans],methods=[GET],params=[],headers=[],consumes=[],produces=[],custom=[]}" onto public java.lang.Object org.springframework.boot.actuate.endpoint.mvc.EndpointMvcAdapter.invoke()
2014-08-30 20:47:34.947  INFO 1320 [main] --- o.s.b.a.e.mvc.EndpointHandlerMapping     : Mapped "{[/autoconfig],methods=[GET],params=[],headers=[],consumes=[],produces=[],custom=[]}" onto public java.lang.Object org.springframework.boot.actuate.endpoint.mvc.EndpointMvcAdapter.invoke()
2014-08-30 20:47:34.947  INFO 1320 [main] --- o.s.b.a.e.mvc.EndpointHandlerMapping     : Mapped "{[/mappings],methods=[GET],params=[],headers=[],consumes=[],produces=[],custom=[]}" onto public java.lang.Object org.springframework.boot.actuate.endpoint.mvc.EndpointMvcAdapter.invoke()
2014-08-30 20:47:35.042  INFO 1320 [main] --- o.s.c.support.DefaultLifecycleProcessor  : Starting beans in phase 0
2014-08-30 20:47:35.047  INFO 1320 [main] --- o.s.b.a.e.jmx.EndpointMBeanExporter      : Located managed bean 'requestMappingEndpoint': registering with JMX server as MBean [org.springframework.boot:type=Endpoint,name=requestMappingEndpoint]
2014-08-30 20:47:35.077  INFO 1320 [main] --- o.s.b.a.e.jmx.EndpointMBeanExporter      : Located managed bean 'environmentEndpoint': registering with JMX server as MBean [org.springframework.boot:type=Endpoint,name=environmentEndpoint]
2014-08-30 20:47:35.088  INFO 1320 [main] --- o.s.b.a.e.jmx.EndpointMBeanExporter      : Located managed bean 'healthEndpoint': registering with JMX server as MBean [org.springframework.boot:type=Endpoint,name=healthEndpoint]
2014-08-30 20:47:35.098  INFO 1320 [main] --- o.s.b.a.e.jmx.EndpointMBeanExporter      : Located managed bean 'beansEndpoint': registering with JMX server as MBean [org.springframework.boot:type=Endpoint,name=beansEndpoint]
2014-08-30 20:47:35.108  INFO 1320 [main] --- o.s.b.a.e.jmx.EndpointMBeanExporter      : Located managed bean 'infoEndpoint': registering with JMX server as MBean [org.springframework.boot:type=Endpoint,name=infoEndpoint]
2014-08-30 20:47:35.116  INFO 1320 [main] --- o.s.b.a.e.jmx.EndpointMBeanExporter      : Located managed bean 'metricsEndpoint': registering with JMX server as MBean [org.springframework.boot:type=Endpoint,name=metricsEndpoint]
2014-08-30 20:47:35.125  INFO 1320 [main] --- o.s.b.a.e.jmx.EndpointMBeanExporter      : Located managed bean 'traceEndpoint': registering with JMX server as MBean [org.springframework.boot:type=Endpoint,name=traceEndpoint]
2014-08-30 20:47:35.133  INFO 1320 [main] --- o.s.b.a.e.jmx.EndpointMBeanExporter      : Located managed bean 'dumpEndpoint': registering with JMX server as MBean [org.springframework.boot:type=Endpoint,name=dumpEndpoint]
2014-08-30 20:47:35.145  INFO 1320 [main] --- o.s.b.a.e.jmx.EndpointMBeanExporter      : Located managed bean 'autoConfigurationAuditEndpoint': registering with JMX server as MBean [org.springframework.boot:type=Endpoint,name=autoConfigurationAuditEndpoint]
2014-08-30 20:47:35.154  INFO 1320 [main] --- o.s.b.a.e.jmx.EndpointMBeanExporter      : Located managed bean 'shutdownEndpoint': registering with JMX server as MBean [org.springframework.boot:type=Endpoint,name=shutdownEndpoint]
2014-08-30 20:47:35.166  INFO 1320 [main] --- o.s.b.a.e.jmx.EndpointMBeanExporter      : Located managed bean 'configurationPropertiesReportEndpoint': registering with JMX server as MBean [org.springframework.boot:type=Endpoint,name=configurationPropertiesReportEndpoint]
2014-08-30 20:47:35.261  INFO 1320 [main] --- s.b.c.e.t.TomcatEmbeddedServletContainer : Tomcat started on port(s): 8080/http
2014-08-30 20:47:35.263  INFO 1320 [main] --- pl.zgora.jug.sprangu.Application         : Started Application in 9.07 seconds (JVM running for 11.925)
2014-08-30 20:47:35.426  INFO 1320 [http-nio-8080-exec-1] --- o.a.c.c.C.[Tomcat].[localhost].[/]       : Initializing Spring FrameworkServlet 'dispatcherServlet'
2014-08-30 20:47:35.426  INFO 1320 [http-nio-8080-exec-1] --- o.s.web.servlet.DispatcherServlet        : FrameworkServlet 'dispatcherServlet': initialization started
2014-08-30 20:47:35.455  INFO 1320 [http-nio-8080-exec-1] --- o.s.web.servlet.DispatcherServlet        : FrameworkServlet 'dispatcherServlet': initialization completed in 29 ms
